*                       MPIR_Allreduce_intra_ccl called
[RCCL Check] op_supported=1, dtype_supported=1, buffers_on_gpu=0
>> MPIR_Allreduce_intra_ccl: RCCL requirements not met, falling back
>> MPIR_Allreduce_intra_ccl: Using fallback (recursive doubling)
*                       MPIR_Allreduce_intra_recursive_doubling called
*                       MPIR_Allreduce_intra_ccl called
>> MPIR_Allreduce_intra_ccl: RCCL requirements not met, falling back
>> MPIR_Allreduce_intra_ccl: Using fallback (recursive doubling)
*                       MPIR_Allreduce_intra_recursive_doubling called

# OSU MPI-ROCM Allreduce Latency Test v7.5
# Datatype: MPI_INT.
# Size       Avg Latency(us)
*                       MPIR_Allreduce_intra_ccl called
[RCCL Check] op_supported=1, dtype_supported=1, buffers_on_gpu=1
[RCCL Check] All requirements met. Using RCCL.
>> MPIR_Allreduce_intra_ccl: Using RCCL backend
*                       MPIR_Allreduce_intra_ccl called
[RCCL Check] op_supported=0, dtype_supported=1, buffers_on_gpu=0
>> MPIR_Allreduce_intra_ccl: RCCL requirements not met, falling back
>> MPIR_Allreduce_intra_ccl: Using fallback (recursive doubling)
*                       MPIR_Allreduce_intra_recursive_doubling called
*                       MPIR_Allreduce_intra_ccl called
[RCCL Check] op_supported=0, dtype_supported=1, buffers_on_gpu=0
>> MPIR_Allreduce_intra_ccl: RCCL requirements not met, falling back
>> MPIR_Allreduce_intra_ccl: Using fallback (recursive doubling)
*                       MPIR_Allreduce_intra_recursive_doubling called
*                       MPIR_Allreduce_intra_ccl called
[RCCL Check] op_supported=0, dtype_supported=1, buffers_on_gpu=0
>> MPIR_Allreduce_intra_ccl: RCCL requirements not met, falling back
>> MPIR_Allreduce_intra_ccl: Using fallback (recursive doubling)
*                       MPIR_Allreduce_intra_recursive_doubling called
*                       MPIR_Allreduce_intra_ccl called
[RCCL Check] op_supported=0, dtype_supported=1, buffers_on_gpu=0
>> MPIR_Allreduce_intra_ccl: RCCL requirements not met, falling back
>> MPIR_Allreduce_intra_ccl: Using fallback (recursive doubling)
*                       MPIR_Allreduce_intra_recursive_doubling called
*                       MPIR_Allreduce_intra_ccl called
>> MPIR_Allreduce_intra_ccl: RCCL requirements not met, falling back
>> MPIR_Allreduce_intra_ccl: Using fallback (recursive doubling)
*                       MPIR_Allreduce_intra_recursive_doubling called
*                       MPIR_Allreduce_intra_ccl called
>> MPIR_Allreduce_intra_ccl: RCCL requirements not met, falling back
>> MPIR_Allreduce_intra_ccl: Using fallback (recursive doubling)
*                       MPIR_Allreduce_intra_recursive_doubling called
*                       MPIR_Allreduce_intra_ccl called
[RCCL Check] op_supported=0, dtype_supported=1, buffers_on_gpu=0
>> MPIR_Allreduce_intra_ccl: RCCL requirements not met, falling back
>> MPIR_Allreduce_intra_ccl: Using fallback (recursive doubling)
*                       MPIR_Allreduce_intra_recursive_doubling called
*                       MPIR_Allreduce_intra_ccl called
[RCCL Check] op_supported=0, dtype_supported=1, buffers_on_gpu=0
>> MPIR_Allreduce_intra_ccl: RCCL requirements not met, falling back
>> MPIR_Allreduce_intra_ccl: Using fallback (recursive doubling)
*                       MPIR_Allreduce_intra_recursive_doubling called
16                 431245.42
*                       MPIR_Allreduce_intra_ccl called
[RCCL Check] op_supported=0, dtype_supported=1, buffers_on_gpu=0
>> MPIR_Allreduce_intra_ccl: RCCL requirements not met, falling back
>> MPIR_Allreduce_intra_ccl: Using fallback (recursive doubling)
*                       MPIR_Allreduce_intra_recursive_doubling called
*                       MPIR_Allreduce_intra_ccl called
>> MPIR_Allreduce_intra_ccl: RCCL requirements not met, falling back
>> MPIR_Allreduce_intra_ccl: Using fallback (recursive doubling)
*                       MPIR_Allreduce_intra_recursive_doubling called
