This file contains any messages produced by compilers while
running configure, to aid debugging if configure makes a mistake.

It was created by OSU-Micro-Benchmarks configure 7.5, which was
generated by GNU Autoconf 2.69.  Invocation command line was

  $ ./configure CC=/home/grace.li/grace_mpich/build/install/bin/mpicc CXX=/home/grace.li/grace_mpich/build/install/bin/mpicxx --enable-gpu --enable-mpi --enable-rocm --enable-mpi-collective --with-rocm=/soft/compilers/rocm/rocm-6.3.2 --prefix=/home/grace.li/osu-micro-benchmarks-install

## --------- ##
## Platform. ##
## --------- ##

hostname = amdgpu00
uname -m = x86_64
uname -r = 6.4.0-150600.23.33-default
uname -s = Linux
uname -v = #1 SMP PREEMPT_DYNAMIC Thu Jan  9 14:10:22 UTC 2025 (ba46628)

/usr/bin/uname -p = x86_64
/bin/uname -X     = unknown

/bin/arch              = x86_64
/usr/bin/arch -k       = unknown
/usr/convex/getsysinfo = unknown
/usr/bin/hostinfo      = unknown
/bin/machine           = unknown
/usr/bin/oslevel       = unknown
/bin/universe          = unknown

PATH: /home/grace.li/grace_mpich/build/install/bin
PATH: /soft/compilers/rocm/rocm-6.3.2/bin
PATH: /home/grace.li/cmake-3.27.9-linux-x86_64/bin
PATH: /home/grace.li/cmake-3.27.9-linux-x86_64/bin
PATH: /home/grace.li/.local/bin
PATH: /usr/local/bin
PATH: /usr/bin
PATH: /bin
PATH: /opt/rocm/bin
PATH: /opt/rocm/profiler/bin
PATH: /opt/rocm/opencl/bin
PATH: /home/grace.li/.local/bin
PATH: /home/grace.li/bin


## ----------- ##
## Core tests. ##
## ----------- ##

configure:2733: checking for a BSD-compatible install
configure:2801: result: /usr/bin/install -c
configure:2812: checking whether build environment is sane
configure:2867: result: yes
configure:3018: checking for a thread-safe mkdir -p
configure:3057: result: /usr/bin/mkdir -p
configure:3064: checking for gawk
configure:3080: found /usr/bin/gawk
configure:3091: result: gawk
configure:3102: checking whether make sets $(MAKE)
configure:3124: result: yes
configure:3153: checking whether make supports nested variables
configure:3170: result: yes
configure:3325: checking build system type
configure:3339: result: x86_64-pc-linux-gnu
configure:3359: checking host system type
configure:3372: result: x86_64-pc-linux-gnu
configure:3413: checking how to print strings
configure:3440: result: printf
configure:3465: checking whether make supports the include directive
configure:3480: make -f confmf.GNU && cat confinc.out
this is the am__doit target
configure:3483: $? = 0
configure:3502: result: yes (GNU style)
configure:3572: checking for gcc
configure:3599: result: /home/grace.li/grace_mpich/build/install/bin/mpicc
configure:3828: checking for C compiler version
configure:3837: /home/grace.li/grace_mpich/build/install/bin/mpicc --version >&5
gcc (SUSE Linux) 7.5.0
Copyright (C) 2017 Free Software Foundation, Inc.
This is free software; see the source for copying conditions.  There is NO
warranty; not even for MERCHANTABILITY or FITNESS FOR A PARTICULAR PURPOSE.

configure:3848: $? = 0
configure:3837: /home/grace.li/grace_mpich/build/install/bin/mpicc -v >&5
mpicc for MPICH version 5.0.0a1
Using built-in specs.
COLLECT_GCC=gcc
COLLECT_LTO_WRAPPER=/usr/lib64/gcc/x86_64-suse-linux/7/lto-wrapper
OFFLOAD_TARGET_NAMES=hsa:nvptx-none
Target: x86_64-suse-linux
Configured with: ../configure --prefix=/usr --infodir=/usr/share/info --mandir=/usr/share/man --libdir=/usr/lib64 --libexecdir=/usr/lib64 --enable-languages=c,c++,objc,fortran,obj-c++,ada,go --enable-offload-targets=hsa,nvptx-none, --without-cuda-driver --enable-checking=release --disable-werror --with-gxx-include-dir=/usr/include/c++/7 --enable-ssp --disable-libssp --disable-libvtv --disable-libcc1 --disable-plugin --with-bugurl=https://bugs.opensuse.org/ --with-pkgversion='SUSE Linux' --with-slibdir=/lib64 --with-system-zlib --enable-libstdcxx-allocator=new --disable-libstdcxx-pch --enable-version-specific-runtime-libs --with-gcc-major-version-only --enable-linker-build-id --enable-linux-futex --enable-gnu-indirect-function --program-suffix=-7 --without-system-libunwind --enable-multilib --with-arch-32=x86-64 --with-tune=generic --build=x86_64-suse-linux --host=x86_64-suse-linux
Thread model: posix
gcc version 7.5.0 (SUSE Linux) 
configure:3848: $? = 0
configure:3837: /home/grace.li/grace_mpich/build/install/bin/mpicc -V >&5
gcc: error: unrecognized command line option '-V'
configure:3848: $? = 1
configure:3837: /home/grace.li/grace_mpich/build/install/bin/mpicc -qversion >&5
gcc: error: unrecognized command line option '-qversion'; did you mean '--version'?
configure:3848: $? = 1
configure:3868: checking whether the C compiler works
configure:3890: /home/grace.li/grace_mpich/build/install/bin/mpicc    conftest.c  >&5
configure:3894: $? = 0
configure:3942: result: yes
configure:3945: checking for C compiler default output file name
configure:3947: result: a.out
configure:3953: checking for suffix of executables
configure:3960: /home/grace.li/grace_mpich/build/install/bin/mpicc -o conftest    conftest.c  >&5
configure:3964: $? = 0
configure:3986: result: 
configure:4008: checking whether we are cross compiling
configure:4016: /home/grace.li/grace_mpich/build/install/bin/mpicc -o conftest    conftest.c  >&5
configure:4020: $? = 0
configure:4027: ./conftest
configure:4031: $? = 0
configure:4046: result: no
configure:4051: checking for suffix of object files
configure:4073: /home/grace.li/grace_mpich/build/install/bin/mpicc -c   conftest.c >&5
configure:4077: $? = 0
configure:4098: result: o
configure:4102: checking whether we are using the GNU C compiler
configure:4121: /home/grace.li/grace_mpich/build/install/bin/mpicc -c   conftest.c >&5
configure:4121: $? = 0
configure:4130: result: yes
configure:4139: checking whether /home/grace.li/grace_mpich/build/install/bin/mpicc accepts -g
configure:4159: /home/grace.li/grace_mpich/build/install/bin/mpicc -c -g  conftest.c >&5
configure:4159: $? = 0
configure:4200: result: yes
configure:4217: checking for /home/grace.li/grace_mpich/build/install/bin/mpicc option to accept ISO C89
configure:4280: /home/grace.li/grace_mpich/build/install/bin/mpicc  -c -g -O2  conftest.c >&5
configure:4280: $? = 0
configure:4293: result: none needed
configure:4318: checking whether /home/grace.li/grace_mpich/build/install/bin/mpicc understands -c and -o together
configure:4340: /home/grace.li/grace_mpich/build/install/bin/mpicc -c conftest.c -o conftest2.o
configure:4343: $? = 0
configure:4340: /home/grace.li/grace_mpich/build/install/bin/mpicc -c conftest.c -o conftest2.o
configure:4343: $? = 0
configure:4355: result: yes
configure:4374: checking dependency style of /home/grace.li/grace_mpich/build/install/bin/mpicc
configure:4485: result: gcc3
configure:4500: checking for a sed that does not truncate output
configure:4564: result: /usr/bin/sed
configure:4582: checking for grep that handles long lines and -e
configure:4640: result: /usr/bin/grep
configure:4645: checking for egrep
configure:4707: result: /usr/bin/grep -E
configure:4712: checking for fgrep
configure:4774: result: /usr/bin/grep -F
configure:4809: checking for ld used by /home/grace.li/grace_mpich/build/install/bin/mpicc
configure:4876: result: /usr/x86_64-suse-linux/bin/ld
configure:4883: checking if the linker (/usr/x86_64-suse-linux/bin/ld) is GNU ld
configure:4898: result: yes
configure:4910: checking for BSD- or MS-compatible name lister (nm)
configure:4964: result: /usr/bin/nm -B
configure:5094: checking the name lister (/usr/bin/nm -B) interface
configure:5101: /home/grace.li/grace_mpich/build/install/bin/mpicc -c -g -O2  conftest.c >&5
configure:5104: /usr/bin/nm -B "conftest.o"
configure:5107: output
0000000000000000 B some_variable
configure:5114: result: BSD nm
configure:5117: checking whether ln -s works
configure:5121: result: yes
configure:5129: checking the maximum length of command line arguments
configure:5260: result: 1572864
configure:5308: checking how to convert x86_64-pc-linux-gnu file names to x86_64-pc-linux-gnu format
configure:5348: result: func_convert_file_noop
configure:5355: checking how to convert x86_64-pc-linux-gnu file names to toolchain format
configure:5375: result: func_convert_file_noop
configure:5382: checking for /usr/x86_64-suse-linux/bin/ld option to reload object files
configure:5389: result: -r
configure:5463: checking for objdump
configure:5479: found /usr/bin/objdump
configure:5490: result: objdump
configure:5522: checking how to recognize dependent libraries
configure:5722: result: pass_all
configure:5807: checking for dlltool
configure:5837: result: no
configure:5867: checking how to associate runtime and link libraries
configure:5894: result: printf %s\n
configure:5955: checking for ar
configure:5971: found /usr/bin/ar
configure:5982: result: ar
configure:6019: checking for archiver @FILE support
configure:6036: /home/grace.li/grace_mpich/build/install/bin/mpicc -c -g -O2  conftest.c >&5
configure:6036: $? = 0
configure:6039: ar cru libconftest.a @conftest.lst >&5
configure:6042: $? = 0
configure:6047: ar cru libconftest.a @conftest.lst >&5
ar: conftest.o: No such file or directory
configure:6050: $? = 1
configure:6062: result: @
configure:6120: checking for strip
configure:6136: found /usr/bin/strip
configure:6147: result: strip
configure:6219: checking for ranlib
configure:6235: found /usr/bin/ranlib
configure:6246: result: ranlib
configure:6348: checking command to parse /usr/bin/nm -B output from /home/grace.li/grace_mpich/build/install/bin/mpicc object
configure:6501: /home/grace.li/grace_mpich/build/install/bin/mpicc -c -g -O2  conftest.c >&5
configure:6504: $? = 0
configure:6508: /usr/bin/nm -B conftest.o \| sed -n -e 's/^.*[ ]\([ABCDGIRSTW][ABCDGIRSTW]*\)[ ][ ]*\([_A-Za-z][_A-Za-z0-9]*\)$/\1 \2 \2/p' | sed '/ __gnu_lto/d' \> conftest.nm
configure:6511: $? = 0
configure:6577: /home/grace.li/grace_mpich/build/install/bin/mpicc -o conftest -g -O2   conftest.c conftstm.o >&5
configure:6580: $? = 0
configure:6618: result: ok
configure:6665: checking for sysroot
configure:6695: result: no
configure:6702: checking for a working dd
configure:6740: result: /usr/bin/dd
configure:6744: checking how to truncate binary pipes
configure:6759: result: /usr/bin/dd bs=4096 count=1
configure:6895: /home/grace.li/grace_mpich/build/install/bin/mpicc -c -g -O2  conftest.c >&5
configure:6898: $? = 0
configure:7088: checking for mt
configure:7118: result: no
configure:7138: checking if : is a manifest tool
configure:7144: : '-?'
configure:7152: result: no
configure:7829: checking how to run the C preprocessor
configure:7860: /home/grace.li/grace_mpich/build/install/bin/mpicc -E  conftest.c
configure:7860: $? = 0
configure:7874: /home/grace.li/grace_mpich/build/install/bin/mpicc -E  conftest.c
conftest.c:11:10: fatal error: ac_nonexistent.h: No such file or directory
 #include <ac_nonexistent.h>
          ^~~~~~~~~~~~~~~~~~
compilation terminated.
configure:7874: $? = 1
configure: failed program was:
| /* confdefs.h */
| #define PACKAGE_NAME "OSU-Micro-Benchmarks"
| #define PACKAGE_TARNAME "osu-micro-benchmarks"
| #define PACKAGE_VERSION "7.5"
| #define PACKAGE_STRING "OSU-Micro-Benchmarks 7.5"
| #define PACKAGE_BUGREPORT "mvapich-discuss@cse.ohio-state.edu"
| #define PACKAGE_URL ""
| #define PACKAGE "osu-micro-benchmarks"
| #define VERSION "7.5"
| /* end confdefs.h.  */
| #include <ac_nonexistent.h>
configure:7899: result: /home/grace.li/grace_mpich/build/install/bin/mpicc -E
configure:7919: /home/grace.li/grace_mpich/build/install/bin/mpicc -E  conftest.c
configure:7919: $? = 0
configure:7933: /home/grace.li/grace_mpich/build/install/bin/mpicc -E  conftest.c
conftest.c:11:10: fatal error: ac_nonexistent.h: No such file or directory
 #include <ac_nonexistent.h>
          ^~~~~~~~~~~~~~~~~~
compilation terminated.
configure:7933: $? = 1
configure: failed program was:
| /* confdefs.h */
| #define PACKAGE_NAME "OSU-Micro-Benchmarks"
| #define PACKAGE_TARNAME "osu-micro-benchmarks"
| #define PACKAGE_VERSION "7.5"
| #define PACKAGE_STRING "OSU-Micro-Benchmarks 7.5"
| #define PACKAGE_BUGREPORT "mvapich-discuss@cse.ohio-state.edu"
| #define PACKAGE_URL ""
| #define PACKAGE "osu-micro-benchmarks"
| #define VERSION "7.5"
| /* end confdefs.h.  */
| #include <ac_nonexistent.h>
configure:7962: checking for ANSI C header files
configure:7982: /home/grace.li/grace_mpich/build/install/bin/mpicc -c -g -O2  conftest.c >&5
configure:7982: $? = 0
configure:8055: /home/grace.li/grace_mpich/build/install/bin/mpicc -o conftest -g -O2   conftest.c  >&5
configure:8055: $? = 0
configure:8055: ./conftest
configure:8055: $? = 0
configure:8066: result: yes
configure:8079: checking for sys/types.h
configure:8079: /home/grace.li/grace_mpich/build/install/bin/mpicc -c -g -O2  conftest.c >&5
configure:8079: $? = 0
configure:8079: result: yes
configure:8079: checking for sys/stat.h
configure:8079: /home/grace.li/grace_mpich/build/install/bin/mpicc -c -g -O2  conftest.c >&5
configure:8079: $? = 0
configure:8079: result: yes
configure:8079: checking for stdlib.h
configure:8079: /home/grace.li/grace_mpich/build/install/bin/mpicc -c -g -O2  conftest.c >&5
configure:8079: $? = 0
configure:8079: result: yes
configure:8079: checking for string.h
configure:8079: /home/grace.li/grace_mpich/build/install/bin/mpicc -c -g -O2  conftest.c >&5
configure:8079: $? = 0
configure:8079: result: yes
configure:8079: checking for memory.h
configure:8079: /home/grace.li/grace_mpich/build/install/bin/mpicc -c -g -O2  conftest.c >&5
configure:8079: $? = 0
configure:8079: result: yes
configure:8079: checking for strings.h
configure:8079: /home/grace.li/grace_mpich/build/install/bin/mpicc -c -g -O2  conftest.c >&5
configure:8079: $? = 0
configure:8079: result: yes
configure:8079: checking for inttypes.h
configure:8079: /home/grace.li/grace_mpich/build/install/bin/mpicc -c -g -O2  conftest.c >&5
configure:8079: $? = 0
configure:8079: result: yes
configure:8079: checking for stdint.h
configure:8079: /home/grace.li/grace_mpich/build/install/bin/mpicc -c -g -O2  conftest.c >&5
configure:8079: $? = 0
configure:8079: result: yes
configure:8079: checking for unistd.h
configure:8079: /home/grace.li/grace_mpich/build/install/bin/mpicc -c -g -O2  conftest.c >&5
configure:8079: $? = 0
configure:8079: result: yes
configure:8093: checking for dlfcn.h
configure:8093: /home/grace.li/grace_mpich/build/install/bin/mpicc -c -g -O2  conftest.c >&5
configure:8093: $? = 0
configure:8093: result: yes
configure:8349: checking for objdir
configure:8364: result: .libs
configure:8624: checking if /home/grace.li/grace_mpich/build/install/bin/mpicc supports -fno-rtti -fno-exceptions
configure:8642: /home/grace.li/grace_mpich/build/install/bin/mpicc -c -g -O2  -fno-rtti -fno-exceptions conftest.c >&5
cc1: warning: command line option '-fno-rtti' is valid for C++/ObjC++ but not for C
configure:8646: $? = 0
configure:8659: result: no
configure:9017: checking for /home/grace.li/grace_mpich/build/install/bin/mpicc option to produce PIC
configure:9024: result: -fPIC -DPIC
configure:9032: checking if /home/grace.li/grace_mpich/build/install/bin/mpicc PIC flag -fPIC -DPIC works
configure:9050: /home/grace.li/grace_mpich/build/install/bin/mpicc -c -g -O2  -fPIC -DPIC -DPIC conftest.c >&5
configure:9054: $? = 0
configure:9067: result: yes
configure:9096: checking if /home/grace.li/grace_mpich/build/install/bin/mpicc static flag -static works
configure:9124: result: no
configure:9139: checking if /home/grace.li/grace_mpich/build/install/bin/mpicc supports -c -o file.o
configure:9160: /home/grace.li/grace_mpich/build/install/bin/mpicc -c -g -O2  -o out/conftest2.o conftest.c >&5
configure:9164: $? = 0
configure:9186: result: yes
configure:9194: checking if /home/grace.li/grace_mpich/build/install/bin/mpicc supports -c -o file.o
configure:9241: result: yes
configure:9274: checking whether the /home/grace.li/grace_mpich/build/install/bin/mpicc linker (/usr/x86_64-suse-linux/bin/ld -m elf_x86_64) supports shared libraries
configure:10533: result: yes
configure:10570: checking whether -lc should be explicitly linked in
configure:10578: /home/grace.li/grace_mpich/build/install/bin/mpicc -c -g -O2  conftest.c >&5
configure:10581: $? = 0
configure:10596: /home/grace.li/grace_mpich/build/install/bin/mpicc -shared  -fPIC -DPIC conftest.o  -v -Wl,-soname -Wl,conftest -o conftest 2\>\&1 \| /usr/bin/grep  -lc  \>/dev/null 2\>\&1
configure:10599: $? = 0
configure:10613: result: no
configure:10773: checking dynamic linker characteristics
configure:11354: /home/grace.li/grace_mpich/build/install/bin/mpicc -o conftest -g -O2   -Wl,-rpath -Wl,/foo conftest.c  >&5
configure:11354: $? = 0
configure:11594: result: GNU/Linux ld.so
configure:11716: checking how to hardcode library paths into programs
configure:11741: result: immediate
configure:12289: checking whether stripping libraries is possible
configure:12294: result: yes
configure:12329: checking if libtool supports shared libraries
configure:12331: result: yes
configure:12334: checking whether to build shared libraries
configure:12359: result: yes
configure:12362: checking whether to build static libraries
configure:12366: result: yes
configure:12500: checking for MPI_Session_init
configure:12500: /home/grace.li/grace_mpich/build/install/bin/mpicc -o conftest -g -O2   conftest.c  >&5
configure:12500: $? = 0
configure:12500: result: yes
configure:12871: checking for C compiler version
configure:12880: /home/grace.li/grace_mpich/build/install/bin/mpicc --version >&5
gcc (SUSE Linux) 7.5.0
Copyright (C) 2017 Free Software Foundation, Inc.
This is free software; see the source for copying conditions.  There is NO
warranty; not even for MERCHANTABILITY or FITNESS FOR A PARTICULAR PURPOSE.

configure:12891: $? = 0
configure:12880: /home/grace.li/grace_mpich/build/install/bin/mpicc -v >&5
mpicc for MPICH version 5.0.0a1
Using built-in specs.
COLLECT_GCC=gcc
COLLECT_LTO_WRAPPER=/usr/lib64/gcc/x86_64-suse-linux/7/lto-wrapper
OFFLOAD_TARGET_NAMES=hsa:nvptx-none
Target: x86_64-suse-linux
Configured with: ../configure --prefix=/usr --infodir=/usr/share/info --mandir=/usr/share/man --libdir=/usr/lib64 --libexecdir=/usr/lib64 --enable-languages=c,c++,objc,fortran,obj-c++,ada,go --enable-offload-targets=hsa,nvptx-none, --without-cuda-driver --enable-checking=release --disable-werror --with-gxx-include-dir=/usr/include/c++/7 --enable-ssp --disable-libssp --disable-libvtv --disable-libcc1 --disable-plugin --with-bugurl=https://bugs.opensuse.org/ --with-pkgversion='SUSE Linux' --with-slibdir=/lib64 --with-system-zlib --enable-libstdcxx-allocator=new --disable-libstdcxx-pch --enable-version-specific-runtime-libs --with-gcc-major-version-only --enable-linker-build-id --enable-linux-futex --enable-gnu-indirect-function --program-suffix=-7 --without-system-libunwind --enable-multilib --with-arch-32=x86-64 --with-tune=generic --build=x86_64-suse-linux --host=x86_64-suse-linux
Thread model: posix
gcc version 7.5.0 (SUSE Linux) 
configure:12891: $? = 0
configure:12880: /home/grace.li/grace_mpich/build/install/bin/mpicc -V >&5
gcc: error: unrecognized command line option '-V'
configure:12891: $? = 1
configure:12880: /home/grace.li/grace_mpich/build/install/bin/mpicc -qversion >&5
gcc: error: unrecognized command line option '-qversion'; did you mean '--version'?
configure:12891: $? = 1
configure:12895: checking whether we are using the GNU C compiler
configure:12923: result: yes
configure:12932: checking whether /home/grace.li/grace_mpich/build/install/bin/mpicc accepts -g
configure:12993: result: yes
configure:13010: checking for /home/grace.li/grace_mpich/build/install/bin/mpicc option to accept ISO C89
configure:13086: result: none needed
configure:13111: checking whether /home/grace.li/grace_mpich/build/install/bin/mpicc understands -c and -o together
configure:13148: result: yes
configure:13167: checking dependency style of /home/grace.li/grace_mpich/build/install/bin/mpicc
configure:13278: result: gcc3
configure:13408: checking for C++ compiler version
configure:13417: /home/grace.li/grace_mpich/build/install/bin/mpicxx --version >&5
g++ (SUSE Linux) 7.5.0
Copyright (C) 2017 Free Software Foundation, Inc.
This is free software; see the source for copying conditions.  There is NO
warranty; not even for MERCHANTABILITY or FITNESS FOR A PARTICULAR PURPOSE.

configure:13428: $? = 0
configure:13417: /home/grace.li/grace_mpich/build/install/bin/mpicxx -v >&5
mpicxx for MPICH version 5.0.0a1
Using built-in specs.
COLLECT_GCC=g++
COLLECT_LTO_WRAPPER=/usr/lib64/gcc/x86_64-suse-linux/7/lto-wrapper
OFFLOAD_TARGET_NAMES=hsa:nvptx-none
Target: x86_64-suse-linux
Configured with: ../configure --prefix=/usr --infodir=/usr/share/info --mandir=/usr/share/man --libdir=/usr/lib64 --libexecdir=/usr/lib64 --enable-languages=c,c++,objc,fortran,obj-c++,ada,go --enable-offload-targets=hsa,nvptx-none, --without-cuda-driver --enable-checking=release --disable-werror --with-gxx-include-dir=/usr/include/c++/7 --enable-ssp --disable-libssp --disable-libvtv --disable-libcc1 --disable-plugin --with-bugurl=https://bugs.opensuse.org/ --with-pkgversion='SUSE Linux' --with-slibdir=/lib64 --with-system-zlib --enable-libstdcxx-allocator=new --disable-libstdcxx-pch --enable-version-specific-runtime-libs --with-gcc-major-version-only --enable-linker-build-id --enable-linux-futex --enable-gnu-indirect-function --program-suffix=-7 --without-system-libunwind --enable-multilib --with-arch-32=x86-64 --with-tune=generic --build=x86_64-suse-linux --host=x86_64-suse-linux
Thread model: posix
gcc version 7.5.0 (SUSE Linux) 
configure:13428: $? = 0
configure:13417: /home/grace.li/grace_mpich/build/install/bin/mpicxx -V >&5
g++: error: unrecognized command line option '-V'
configure:13428: $? = 1
configure:13417: /home/grace.li/grace_mpich/build/install/bin/mpicxx -qversion >&5
g++: error: unrecognized command line option '-qversion'; did you mean '--version'?
configure:13428: $? = 1
configure:13432: checking whether we are using the GNU C++ compiler
configure:13451: /home/grace.li/grace_mpich/build/install/bin/mpicxx -c  -I/soft/compilers/rocm/rocm-6.3.2/include  conftest.cpp >&5
configure:13451: $? = 0
configure:13460: result: yes
configure:13469: checking whether /home/grace.li/grace_mpich/build/install/bin/mpicxx accepts -g
configure:13489: /home/grace.li/grace_mpich/build/install/bin/mpicxx -c -g -I/soft/compilers/rocm/rocm-6.3.2/include  conftest.cpp >&5
configure:13489: $? = 0
configure:13530: result: yes
configure:13555: checking dependency style of /home/grace.li/grace_mpich/build/install/bin/mpicxx
configure:13666: result: gcc3
configure:13699: checking how to run the C++ preprocessor
configure:13726: /home/grace.li/grace_mpich/build/install/bin/mpicxx -E -I/soft/compilers/rocm/rocm-6.3.2/include  conftest.cpp
configure:13726: $? = 0
configure:13740: /home/grace.li/grace_mpich/build/install/bin/mpicxx -E -I/soft/compilers/rocm/rocm-6.3.2/include  conftest.cpp
conftest.cpp:23:10: fatal error: ac_nonexistent.h: No such file or directory
 #include <ac_nonexistent.h>
          ^~~~~~~~~~~~~~~~~~
compilation terminated.
configure:13740: $? = 1
configure: failed program was:
| /* confdefs.h */
| #define PACKAGE_NAME "OSU-Micro-Benchmarks"
| #define PACKAGE_TARNAME "osu-micro-benchmarks"
| #define PACKAGE_VERSION "7.5"
| #define PACKAGE_STRING "OSU-Micro-Benchmarks 7.5"
| #define PACKAGE_BUGREPORT "mvapich-discuss@cse.ohio-state.edu"
| #define PACKAGE_URL ""
| #define PACKAGE "osu-micro-benchmarks"
| #define VERSION "7.5"
| #define STDC_HEADERS 1
| #define HAVE_SYS_TYPES_H 1
| #define HAVE_SYS_STAT_H 1
| #define HAVE_STDLIB_H 1
| #define HAVE_STRING_H 1
| #define HAVE_MEMORY_H 1
| #define HAVE_STRINGS_H 1
| #define HAVE_INTTYPES_H 1
| #define HAVE_STDINT_H 1
| #define HAVE_UNISTD_H 1
| #define HAVE_DLFCN_H 1
| #define LT_OBJDIR ".libs/"
| /* end confdefs.h.  */
| #include <ac_nonexistent.h>
configure:13765: result: /home/grace.li/grace_mpich/build/install/bin/mpicxx -E
configure:13785: /home/grace.li/grace_mpich/build/install/bin/mpicxx -E -I/soft/compilers/rocm/rocm-6.3.2/include  conftest.cpp
configure:13785: $? = 0
configure:13799: /home/grace.li/grace_mpich/build/install/bin/mpicxx -E -I/soft/compilers/rocm/rocm-6.3.2/include  conftest.cpp
conftest.cpp:23:10: fatal error: ac_nonexistent.h: No such file or directory
 #include <ac_nonexistent.h>
          ^~~~~~~~~~~~~~~~~~
compilation terminated.
configure:13799: $? = 1
configure: failed program was:
| /* confdefs.h */
| #define PACKAGE_NAME "OSU-Micro-Benchmarks"
| #define PACKAGE_TARNAME "osu-micro-benchmarks"
| #define PACKAGE_VERSION "7.5"
| #define PACKAGE_STRING "OSU-Micro-Benchmarks 7.5"
| #define PACKAGE_BUGREPORT "mvapich-discuss@cse.ohio-state.edu"
| #define PACKAGE_URL ""
| #define PACKAGE "osu-micro-benchmarks"
| #define VERSION "7.5"
| #define STDC_HEADERS 1
| #define HAVE_SYS_TYPES_H 1
| #define HAVE_SYS_STAT_H 1
| #define HAVE_STDLIB_H 1
| #define HAVE_STRING_H 1
| #define HAVE_MEMORY_H 1
| #define HAVE_STRINGS_H 1
| #define HAVE_INTTYPES_H 1
| #define HAVE_STDINT_H 1
| #define HAVE_UNISTD_H 1
| #define HAVE_DLFCN_H 1
| #define LT_OBJDIR ".libs/"
| /* end confdefs.h.  */
| #include <ac_nonexistent.h>
configure:13961: checking for ld used by /home/grace.li/grace_mpich/build/install/bin/mpicxx
configure:14028: result: /usr/x86_64-suse-linux/bin/ld -m elf_x86_64
configure:14035: checking if the linker (/usr/x86_64-suse-linux/bin/ld -m elf_x86_64) is GNU ld
configure:14050: result: yes
configure:14105: checking whether the /home/grace.li/grace_mpich/build/install/bin/mpicxx linker (/usr/x86_64-suse-linux/bin/ld -m elf_x86_64) supports shared libraries
configure:15178: result: yes
configure:15214: /home/grace.li/grace_mpich/build/install/bin/mpicxx -c -g -O2 -I/soft/compilers/rocm/rocm-6.3.2/include  conftest.cpp >&5
configure:15217: $? = 0
configure:15698: checking for /home/grace.li/grace_mpich/build/install/bin/mpicxx option to produce PIC
configure:15705: result: -fPIC -DPIC
configure:15713: checking if /home/grace.li/grace_mpich/build/install/bin/mpicxx PIC flag -fPIC -DPIC works
configure:15731: /home/grace.li/grace_mpich/build/install/bin/mpicxx -c -g -O2 -I/soft/compilers/rocm/rocm-6.3.2/include  -fPIC -DPIC -DPIC conftest.cpp >&5
configure:15735: $? = 0
configure:15748: result: yes
configure:15771: checking if /home/grace.li/grace_mpich/build/install/bin/mpicxx static flag -static works
configure:15799: result: no
configure:15811: checking if /home/grace.li/grace_mpich/build/install/bin/mpicxx supports -c -o file.o
configure:15832: /home/grace.li/grace_mpich/build/install/bin/mpicxx -c -g -O2 -I/soft/compilers/rocm/rocm-6.3.2/include  -o out/conftest2.o conftest.cpp >&5
configure:15836: $? = 0
configure:15858: result: yes
configure:15863: checking if /home/grace.li/grace_mpich/build/install/bin/mpicxx supports -c -o file.o
configure:15910: result: yes
configure:15940: checking whether the /home/grace.li/grace_mpich/build/install/bin/mpicxx linker (/usr/x86_64-suse-linux/bin/ld -m elf_x86_64) supports shared libraries
configure:15980: result: yes
configure:16121: checking dynamic linker characteristics
configure:16869: result: GNU/Linux ld.so
configure:16934: checking how to hardcode library paths into programs
configure:16959: result: immediate
configure:17001: checking for library containing sqrt
configure:17032: /home/grace.li/grace_mpich/build/install/bin/mpicc -o conftest -g -O2 -I/soft/compilers/rocm/rocm-6.3.2/include  -L/soft/compilers/rocm/rocm-6.3.2/lib64 -Wl,-rpath=/soft/compilers/rocm/rocm-6.3.2/lib64 -L/soft/compilers/rocm/rocm-6.3.2/lib -Wl,-rpath=/soft/compilers/rocm/rocm-6.3.2/lib  conftest.c  >&5
conftest.c:30:6: warning: conflicting types for built-in function 'sqrt' [-Wbuiltin-declaration-mismatch]
 char sqrt ();
      ^~~~
/usr/lib64/gcc/x86_64-suse-linux/7/../../../../x86_64-suse-linux/bin/ld: /tmp/cc8VuOf4.o: undefined reference to symbol 'sqrt@@GLIBC_2.2.5'
/usr/lib64/gcc/x86_64-suse-linux/7/../../../../x86_64-suse-linux/bin/ld: /lib64/libm.so.6: error adding symbols: DSO missing from command line
collect2: error: ld returned 1 exit status
configure:17032: $? = 1
configure: failed program was:
| /* confdefs.h */
| #define PACKAGE_NAME "OSU-Micro-Benchmarks"
| #define PACKAGE_TARNAME "osu-micro-benchmarks"
| #define PACKAGE_VERSION "7.5"
| #define PACKAGE_STRING "OSU-Micro-Benchmarks 7.5"
| #define PACKAGE_BUGREPORT "mvapich-discuss@cse.ohio-state.edu"
| #define PACKAGE_URL ""
| #define PACKAGE "osu-micro-benchmarks"
| #define VERSION "7.5"
| #define STDC_HEADERS 1
| #define HAVE_SYS_TYPES_H 1
| #define HAVE_SYS_STAT_H 1
| #define HAVE_STDLIB_H 1
| #define HAVE_STRING_H 1
| #define HAVE_MEMORY_H 1
| #define HAVE_STRINGS_H 1
| #define HAVE_INTTYPES_H 1
| #define HAVE_STDINT_H 1
| #define HAVE_UNISTD_H 1
| #define HAVE_DLFCN_H 1
| #define LT_OBJDIR ".libs/"
| /* end confdefs.h.  */
| 
| /* Override any GCC internal prototype to avoid an error.
|    Use char because int might match the return type of a GCC
|    builtin and then its argument prototype would still apply.  */
| #ifdef __cplusplus
| extern "C"
| #endif
| char sqrt ();
| int
| main ()
| {
| return sqrt ();
|   ;
|   return 0;
| }
configure:17032: /home/grace.li/grace_mpich/build/install/bin/mpicc -o conftest -g -O2 -I/soft/compilers/rocm/rocm-6.3.2/include  -L/soft/compilers/rocm/rocm-6.3.2/lib64 -Wl,-rpath=/soft/compilers/rocm/rocm-6.3.2/lib64 -L/soft/compilers/rocm/rocm-6.3.2/lib -Wl,-rpath=/soft/compilers/rocm/rocm-6.3.2/lib  conftest.c -lm   >&5
conftest.c:30:6: warning: conflicting types for built-in function 'sqrt' [-Wbuiltin-declaration-mismatch]
 char sqrt ();
      ^~~~
configure:17032: $? = 0
configure:17049: result: -lm
configure:17057: checking for library containing pthread_join
configure:17088: /home/grace.li/grace_mpich/build/install/bin/mpicc -o conftest -g -O2 -I/soft/compilers/rocm/rocm-6.3.2/include  -L/soft/compilers/rocm/rocm-6.3.2/lib64 -Wl,-rpath=/soft/compilers/rocm/rocm-6.3.2/lib64 -L/soft/compilers/rocm/rocm-6.3.2/lib -Wl,-rpath=/soft/compilers/rocm/rocm-6.3.2/lib  conftest.c -lm  >&5
configure:17088: $? = 0
configure:17105: result: none required
configure:17113: checking for library containing clock_gettime
configure:17144: /home/grace.li/grace_mpich/build/install/bin/mpicc -o conftest -g -O2 -I/soft/compilers/rocm/rocm-6.3.2/include  -L/soft/compilers/rocm/rocm-6.3.2/lib64 -Wl,-rpath=/soft/compilers/rocm/rocm-6.3.2/lib64 -L/soft/compilers/rocm/rocm-6.3.2/lib -Wl,-rpath=/soft/compilers/rocm/rocm-6.3.2/lib  conftest.c -lm  >&5
configure:17144: $? = 0
configure:17161: result: none required
configure:17174: checking for stdlib.h
configure:17174: result: yes
configure:17174: checking for string.h
configure:17174: result: yes
configure:17174: checking sys/time.h usability
configure:17174: /home/grace.li/grace_mpich/build/install/bin/mpicc -c -g -O2 -I/soft/compilers/rocm/rocm-6.3.2/include  conftest.c >&5
configure:17174: $? = 0
configure:17174: result: yes
configure:17174: checking sys/time.h presence
configure:17174: /home/grace.li/grace_mpich/build/install/bin/mpicc -E -I/soft/compilers/rocm/rocm-6.3.2/include  conftest.c
configure:17174: $? = 0
configure:17174: result: yes
configure:17174: checking for sys/time.h
configure:17174: result: yes
configure:17174: checking for unistd.h
configure:17174: result: yes
configure:17174: checking math.h usability
configure:17174: /home/grace.li/grace_mpich/build/install/bin/mpicc -c -g -O2 -I/soft/compilers/rocm/rocm-6.3.2/include  conftest.c >&5
configure:17174: $? = 0
configure:17174: result: yes
configure:17174: checking math.h presence
configure:17174: /home/grace.li/grace_mpich/build/install/bin/mpicc -E -I/soft/compilers/rocm/rocm-6.3.2/include  conftest.c
configure:17174: $? = 0
configure:17174: result: yes
configure:17174: checking for math.h
configure:17174: result: yes
configure:17186: checking for inline
configure:17202: /home/grace.li/grace_mpich/build/install/bin/mpicc -c -g -O2 -I/soft/compilers/rocm/rocm-6.3.2/include  conftest.c >&5
configure:17202: $? = 0
configure:17210: result: inline
configure:17233: checking for getpagesize
configure:17233: /home/grace.li/grace_mpich/build/install/bin/mpicc -o conftest -g -O2 -I/soft/compilers/rocm/rocm-6.3.2/include  -L/soft/compilers/rocm/rocm-6.3.2/lib64 -Wl,-rpath=/soft/compilers/rocm/rocm-6.3.2/lib64 -L/soft/compilers/rocm/rocm-6.3.2/lib -Wl,-rpath=/soft/compilers/rocm/rocm-6.3.2/lib  conftest.c -lm  >&5
configure:17233: $? = 0
configure:17233: result: yes
configure:17233: checking for gettimeofday
configure:17233: /home/grace.li/grace_mpich/build/install/bin/mpicc -o conftest -g -O2 -I/soft/compilers/rocm/rocm-6.3.2/include  -L/soft/compilers/rocm/rocm-6.3.2/lib64 -Wl,-rpath=/soft/compilers/rocm/rocm-6.3.2/lib64 -L/soft/compilers/rocm/rocm-6.3.2/lib -Wl,-rpath=/soft/compilers/rocm/rocm-6.3.2/lib  conftest.c -lm  >&5
configure:17233: $? = 0
configure:17233: result: yes
configure:17233: checking for memset
configure:17233: /home/grace.li/grace_mpich/build/install/bin/mpicc -o conftest -g -O2 -I/soft/compilers/rocm/rocm-6.3.2/include  -L/soft/compilers/rocm/rocm-6.3.2/lib64 -Wl,-rpath=/soft/compilers/rocm/rocm-6.3.2/lib64 -L/soft/compilers/rocm/rocm-6.3.2/lib -Wl,-rpath=/soft/compilers/rocm/rocm-6.3.2/lib  conftest.c -lm  >&5
conftest.c:53:6: warning: conflicting types for built-in function 'memset' [-Wbuiltin-declaration-mismatch]
 char memset ();
      ^~~~~~
configure:17233: $? = 0
configure:17233: result: yes
configure:17233: checking for sqrt
configure:17233: /home/grace.li/grace_mpich/build/install/bin/mpicc -o conftest -g -O2 -I/soft/compilers/rocm/rocm-6.3.2/include  -L/soft/compilers/rocm/rocm-6.3.2/lib64 -Wl,-rpath=/soft/compilers/rocm/rocm-6.3.2/lib64 -L/soft/compilers/rocm/rocm-6.3.2/lib -Wl,-rpath=/soft/compilers/rocm/rocm-6.3.2/lib  conftest.c -lm  >&5
conftest.c:54:6: warning: conflicting types for built-in function 'sqrt' [-Wbuiltin-declaration-mismatch]
 char sqrt ();
      ^~~~
configure:17233: $? = 0
configure:17233: result: yes
configure:17269: checking for MPI_Init
configure:17269: /home/grace.li/grace_mpich/build/install/bin/mpicc -o conftest -g -O2 -I/soft/compilers/rocm/rocm-6.3.2/include  -L/soft/compilers/rocm/rocm-6.3.2/lib64 -Wl,-rpath=/soft/compilers/rocm/rocm-6.3.2/lib64 -L/soft/compilers/rocm/rocm-6.3.2/lib -Wl,-rpath=/soft/compilers/rocm/rocm-6.3.2/lib  conftest.c -lm  >&5
configure:17269: $? = 0
configure:17269: result: yes
configure:17274: checking for MPI_Accumulate
configure:17274: /home/grace.li/grace_mpich/build/install/bin/mpicc -o conftest -g -O2 -I/soft/compilers/rocm/rocm-6.3.2/include  -L/soft/compilers/rocm/rocm-6.3.2/lib64 -Wl,-rpath=/soft/compilers/rocm/rocm-6.3.2/lib64 -L/soft/compilers/rocm/rocm-6.3.2/lib -Wl,-rpath=/soft/compilers/rocm/rocm-6.3.2/lib  conftest.c -lm  >&5
configure:17274: $? = 0
configure:17274: result: yes
configure:17279: checking for MPI_Get_accumulate
configure:17279: /home/grace.li/grace_mpich/build/install/bin/mpicc -o conftest -g -O2 -I/soft/compilers/rocm/rocm-6.3.2/include  -L/soft/compilers/rocm/rocm-6.3.2/lib64 -Wl,-rpath=/soft/compilers/rocm/rocm-6.3.2/lib64 -L/soft/compilers/rocm/rocm-6.3.2/lib -Wl,-rpath=/soft/compilers/rocm/rocm-6.3.2/lib  conftest.c -lm  >&5
configure:17279: $? = 0
configure:17279: result: yes
configure:17284: checking for shmem_barrier_all
configure:17284: /home/grace.li/grace_mpich/build/install/bin/mpicc -o conftest -g -O2 -I/soft/compilers/rocm/rocm-6.3.2/include  -L/soft/compilers/rocm/rocm-6.3.2/lib64 -Wl,-rpath=/soft/compilers/rocm/rocm-6.3.2/lib64 -L/soft/compilers/rocm/rocm-6.3.2/lib -Wl,-rpath=/soft/compilers/rocm/rocm-6.3.2/lib  conftest.c -lm  >&5
/usr/lib64/gcc/x86_64-suse-linux/7/../../../../x86_64-suse-linux/bin/ld: /tmp/ccEKNIfp.o: in function `main':
/home/grace.li/grace_suli/omb/conftest.c:66:(.text.startup+0x7): undefined reference to `shmem_barrier_all'
collect2: error: ld returned 1 exit status
configure:17284: $? = 1
configure: failed program was:
| /* confdefs.h */
| #define PACKAGE_NAME "OSU-Micro-Benchmarks"
| #define PACKAGE_TARNAME "osu-micro-benchmarks"
| #define PACKAGE_VERSION "7.5"
| #define PACKAGE_STRING "OSU-Micro-Benchmarks 7.5"
| #define PACKAGE_BUGREPORT "mvapich-discuss@cse.ohio-state.edu"
| #define PACKAGE_URL ""
| #define PACKAGE "osu-micro-benchmarks"
| #define VERSION "7.5"
| #define STDC_HEADERS 1
| #define HAVE_SYS_TYPES_H 1
| #define HAVE_SYS_STAT_H 1
| #define HAVE_STDLIB_H 1
| #define HAVE_STRING_H 1
| #define HAVE_MEMORY_H 1
| #define HAVE_STRINGS_H 1
| #define HAVE_INTTYPES_H 1
| #define HAVE_STDINT_H 1
| #define HAVE_UNISTD_H 1
| #define HAVE_DLFCN_H 1
| #define LT_OBJDIR ".libs/"
| #define HAVE_STDLIB_H 1
| #define HAVE_STRING_H 1
| #define HAVE_SYS_TIME_H 1
| #define HAVE_UNISTD_H 1
| #define HAVE_MATH_H 1
| #define HAVE_GETPAGESIZE 1
| #define HAVE_GETTIMEOFDAY 1
| #define HAVE_MEMSET 1
| #define HAVE_SQRT 1
| /* end confdefs.h.  */
| /* Define shmem_barrier_all to an innocuous variant, in case <limits.h> declares shmem_barrier_all.
|    For example, HP-UX 11i <limits.h> declares gettimeofday.  */
| #define shmem_barrier_all innocuous_shmem_barrier_all
| 
| /* System header to define __stub macros and hopefully few prototypes,
|     which can conflict with char shmem_barrier_all (); below.
|     Prefer <limits.h> to <assert.h> if __STDC__ is defined, since
|     <limits.h> exists even on freestanding compilers.  */
| 
| #ifdef __STDC__
| # include <limits.h>
| #else
| # include <assert.h>
| #endif
| 
| #undef shmem_barrier_all
| 
| /* Override any GCC internal prototype to avoid an error.
|    Use char because int might match the return type of a GCC
|    builtin and then its argument prototype would still apply.  */
| #ifdef __cplusplus
| extern "C"
| #endif
| char shmem_barrier_all ();
| /* The GNU C library defines this for functions which it implements
|     to always fail with ENOSYS.  Some functions are actually named
|     something starting with __ and the normal name is an alias.  */
| #if defined __stub_shmem_barrier_all || defined __stub___shmem_barrier_all
| choke me
| #endif
| 
| int
| main ()
| {
| return shmem_barrier_all ();
|   ;
|   return 0;
| }
configure:17284: result: no
configure:17289: checking for upc_memput
configure:17289: /home/grace.li/grace_mpich/build/install/bin/mpicc -o conftest -g -O2 -I/soft/compilers/rocm/rocm-6.3.2/include  -L/soft/compilers/rocm/rocm-6.3.2/lib64 -Wl,-rpath=/soft/compilers/rocm/rocm-6.3.2/lib64 -L/soft/compilers/rocm/rocm-6.3.2/lib -Wl,-rpath=/soft/compilers/rocm/rocm-6.3.2/lib  conftest.c -lm  >&5
/usr/lib64/gcc/x86_64-suse-linux/7/../../../../x86_64-suse-linux/bin/ld: /tmp/ccCL31Q4.o: in function `main':
/home/grace.li/grace_suli/omb/conftest.c:66:(.text.startup+0x7): undefined reference to `upc_memput'
collect2: error: ld returned 1 exit status
configure:17289: $? = 1
configure: failed program was:
| /* confdefs.h */
| #define PACKAGE_NAME "OSU-Micro-Benchmarks"
| #define PACKAGE_TARNAME "osu-micro-benchmarks"
| #define PACKAGE_VERSION "7.5"
| #define PACKAGE_STRING "OSU-Micro-Benchmarks 7.5"
| #define PACKAGE_BUGREPORT "mvapich-discuss@cse.ohio-state.edu"
| #define PACKAGE_URL ""
| #define PACKAGE "osu-micro-benchmarks"
| #define VERSION "7.5"
| #define STDC_HEADERS 1
| #define HAVE_SYS_TYPES_H 1
| #define HAVE_SYS_STAT_H 1
| #define HAVE_STDLIB_H 1
| #define HAVE_STRING_H 1
| #define HAVE_MEMORY_H 1
| #define HAVE_STRINGS_H 1
| #define HAVE_INTTYPES_H 1
| #define HAVE_STDINT_H 1
| #define HAVE_UNISTD_H 1
| #define HAVE_DLFCN_H 1
| #define LT_OBJDIR ".libs/"
| #define HAVE_STDLIB_H 1
| #define HAVE_STRING_H 1
| #define HAVE_SYS_TIME_H 1
| #define HAVE_UNISTD_H 1
| #define HAVE_MATH_H 1
| #define HAVE_GETPAGESIZE 1
| #define HAVE_GETTIMEOFDAY 1
| #define HAVE_MEMSET 1
| #define HAVE_SQRT 1
| /* end confdefs.h.  */
| /* Define upc_memput to an innocuous variant, in case <limits.h> declares upc_memput.
|    For example, HP-UX 11i <limits.h> declares gettimeofday.  */
| #define upc_memput innocuous_upc_memput
| 
| /* System header to define __stub macros and hopefully few prototypes,
|     which can conflict with char upc_memput (); below.
|     Prefer <limits.h> to <assert.h> if __STDC__ is defined, since
|     <limits.h> exists even on freestanding compilers.  */
| 
| #ifdef __STDC__
| # include <limits.h>
| #else
| # include <assert.h>
| #endif
| 
| #undef upc_memput
| 
| /* Override any GCC internal prototype to avoid an error.
|    Use char because int might match the return type of a GCC
|    builtin and then its argument prototype would still apply.  */
| #ifdef __cplusplus
| extern "C"
| #endif
| char upc_memput ();
| /* The GNU C library defines this for functions which it implements
|     to always fail with ENOSYS.  Some functions are actually named
|     something starting with __ and the normal name is an alias.  */
| #if defined __stub_upc_memput || defined __stub___upc_memput
| choke me
| #endif
| 
| int
| main ()
| {
| return upc_memput ();
|   ;
|   return 0;
| }
configure:17289: result: no
configure:17294: checking whether upcxx_alltoall is declared
configure:17294: /home/grace.li/grace_mpich/build/install/bin/mpicc -c -g -O2 -I/soft/compilers/rocm/rocm-6.3.2/include  conftest.c >&5
conftest.c:32:10: fatal error: upcxx.h: No such file or directory
 #include <upcxx.h>
          ^~~~~~~~~
compilation terminated.
configure:17294: $? = 1
configure: failed program was:
| /* confdefs.h */
| #define PACKAGE_NAME "OSU-Micro-Benchmarks"
| #define PACKAGE_TARNAME "osu-micro-benchmarks"
| #define PACKAGE_VERSION "7.5"
| #define PACKAGE_STRING "OSU-Micro-Benchmarks 7.5"
| #define PACKAGE_BUGREPORT "mvapich-discuss@cse.ohio-state.edu"
| #define PACKAGE_URL ""
| #define PACKAGE "osu-micro-benchmarks"
| #define VERSION "7.5"
| #define STDC_HEADERS 1
| #define HAVE_SYS_TYPES_H 1
| #define HAVE_SYS_STAT_H 1
| #define HAVE_STDLIB_H 1
| #define HAVE_STRING_H 1
| #define HAVE_MEMORY_H 1
| #define HAVE_STRINGS_H 1
| #define HAVE_INTTYPES_H 1
| #define HAVE_STDINT_H 1
| #define HAVE_UNISTD_H 1
| #define HAVE_DLFCN_H 1
| #define LT_OBJDIR ".libs/"
| #define HAVE_STDLIB_H 1
| #define HAVE_STRING_H 1
| #define HAVE_SYS_TIME_H 1
| #define HAVE_UNISTD_H 1
| #define HAVE_MATH_H 1
| #define HAVE_GETPAGESIZE 1
| #define HAVE_GETTIMEOFDAY 1
| #define HAVE_MEMSET 1
| #define HAVE_SQRT 1
| /* end confdefs.h.  */
| #include <upcxx.h>
| 
| int
| main ()
| {
| #ifndef upcxx_alltoall
| #ifdef __cplusplus
|   (void) upcxx_alltoall;
| #else
|   (void) upcxx_alltoall;
| #endif
| #endif
| 
|   ;
|   return 0;
| }
configure:17294: result: no
configure:17300: checking for shmem_finalize
configure:17300: /home/grace.li/grace_mpich/build/install/bin/mpicc -o conftest -g -O2 -I/soft/compilers/rocm/rocm-6.3.2/include  -L/soft/compilers/rocm/rocm-6.3.2/lib64 -Wl,-rpath=/soft/compilers/rocm/rocm-6.3.2/lib64 -L/soft/compilers/rocm/rocm-6.3.2/lib -Wl,-rpath=/soft/compilers/rocm/rocm-6.3.2/lib  conftest.c -lm  >&5
/usr/lib64/gcc/x86_64-suse-linux/7/../../../../x86_64-suse-linux/bin/ld: /tmp/ccnHY9bE.o: in function `main':
/home/grace.li/grace_suli/omb/conftest.c:66:(.text.startup+0x7): undefined reference to `shmem_finalize'
collect2: error: ld returned 1 exit status
configure:17300: $? = 1
configure: failed program was:
| /* confdefs.h */
| #define PACKAGE_NAME "OSU-Micro-Benchmarks"
| #define PACKAGE_TARNAME "osu-micro-benchmarks"
| #define PACKAGE_VERSION "7.5"
| #define PACKAGE_STRING "OSU-Micro-Benchmarks 7.5"
| #define PACKAGE_BUGREPORT "mvapich-discuss@cse.ohio-state.edu"
| #define PACKAGE_URL ""
| #define PACKAGE "osu-micro-benchmarks"
| #define VERSION "7.5"
| #define STDC_HEADERS 1
| #define HAVE_SYS_TYPES_H 1
| #define HAVE_SYS_STAT_H 1
| #define HAVE_STDLIB_H 1
| #define HAVE_STRING_H 1
| #define HAVE_MEMORY_H 1
| #define HAVE_STRINGS_H 1
| #define HAVE_INTTYPES_H 1
| #define HAVE_STDINT_H 1
| #define HAVE_UNISTD_H 1
| #define HAVE_DLFCN_H 1
| #define LT_OBJDIR ".libs/"
| #define HAVE_STDLIB_H 1
| #define HAVE_STRING_H 1
| #define HAVE_SYS_TIME_H 1
| #define HAVE_UNISTD_H 1
| #define HAVE_MATH_H 1
| #define HAVE_GETPAGESIZE 1
| #define HAVE_GETTIMEOFDAY 1
| #define HAVE_MEMSET 1
| #define HAVE_SQRT 1
| /* end confdefs.h.  */
| /* Define shmem_finalize to an innocuous variant, in case <limits.h> declares shmem_finalize.
|    For example, HP-UX 11i <limits.h> declares gettimeofday.  */
| #define shmem_finalize innocuous_shmem_finalize
| 
| /* System header to define __stub macros and hopefully few prototypes,
|     which can conflict with char shmem_finalize (); below.
|     Prefer <limits.h> to <assert.h> if __STDC__ is defined, since
|     <limits.h> exists even on freestanding compilers.  */
| 
| #ifdef __STDC__
| # include <limits.h>
| #else
| # include <assert.h>
| #endif
| 
| #undef shmem_finalize
| 
| /* Override any GCC internal prototype to avoid an error.
|    Use char because int might match the return type of a GCC
|    builtin and then its argument prototype would still apply.  */
| #ifdef __cplusplus
| extern "C"
| #endif
| char shmem_finalize ();
| /* The GNU C library defines this for functions which it implements
|     to always fail with ENOSYS.  Some functions are actually named
|     something starting with __ and the normal name is an alias.  */
| #if defined __stub_shmem_finalize || defined __stub___shmem_finalize
| choke me
| #endif
| 
| int
| main ()
| {
| return shmem_finalize ();
|   ;
|   return 0;
| }
configure:17300: result: no
configure:17554: checking hip/hip_runtime_api.h usability
configure:17554: /home/grace.li/grace_mpich/build/install/bin/mpicc -c -g -O2 -I/soft/compilers/rocm/rocm-6.3.2/include  conftest.c >&5
configure:17554: $? = 0
configure:17554: result: yes
configure:17554: checking hip/hip_runtime_api.h presence
configure:17554: /home/grace.li/grace_mpich/build/install/bin/mpicc -E -I/soft/compilers/rocm/rocm-6.3.2/include  conftest.c
configure:17554: $? = 0
configure:17554: result: yes
configure:17554: checking for hip/hip_runtime_api.h
configure:17554: result: yes
configure:17566: checking for library containing hipFree
configure:17597: /home/grace.li/grace_mpich/build/install/bin/mpicc -o conftest -g -O2 -I/soft/compilers/rocm/rocm-6.3.2/include  -L/soft/compilers/rocm/rocm-6.3.2/lib64 -Wl,-rpath=/soft/compilers/rocm/rocm-6.3.2/lib64 -L/soft/compilers/rocm/rocm-6.3.2/lib -Wl,-rpath=/soft/compilers/rocm/rocm-6.3.2/lib  -lamdhip64 conftest.c -lm  >&5
configure:17597: $? = 0
configure:17614: result: none required
configure:17624: checking for library containing hipFree
configure:17672: result: none required
configure:17682: checking for library containing hipStreamSynchronize
configure:17713: /home/grace.li/grace_mpich/build/install/bin/mpicc -o conftest -g -O2 -I/soft/compilers/rocm/rocm-6.3.2/include  -L/soft/compilers/rocm/rocm-6.3.2/lib64 -Wl,-rpath=/soft/compilers/rocm/rocm-6.3.2/lib64 -L/soft/compilers/rocm/rocm-6.3.2/lib -Wl,-rpath=/soft/compilers/rocm/rocm-6.3.2/lib  -lamdhip64 conftest.c -lm  >&5
configure:17713: $? = 0
configure:17730: result: none required
configure:17791: checking for MPI_Session_init
configure:17791: result: yes
configure:17806: checking for MPI_Psend_init
configure:17806: /home/grace.li/grace_mpich/build/install/bin/mpicc -o conftest -g -O2 -I/soft/compilers/rocm/rocm-6.3.2/include  -L/soft/compilers/rocm/rocm-6.3.2/lib64 -Wl,-rpath=/soft/compilers/rocm/rocm-6.3.2/lib64 -L/soft/compilers/rocm/rocm-6.3.2/lib -Wl,-rpath=/soft/compilers/rocm/rocm-6.3.2/lib  -lamdhip64 conftest.c -lm  >&5
configure:17806: $? = 0
configure:17806: result: yes
configure:18386: checking that generated files are newer than configure
configure:18392: result: done
configure:18511: creating ./config.status

## ---------------------- ##
## Running config.status. ##
## ---------------------- ##

This file was extended by OSU-Micro-Benchmarks config.status 7.5, which was
generated by GNU Autoconf 2.69.  Invocation command line was

  CONFIG_FILES    = 
  CONFIG_HEADERS  = 
  CONFIG_LINKS    = 
  CONFIG_COMMANDS = 
  $ ./config.status 

on amdgpu00

config.status:1141: creating Makefile
config.status:1141: creating c/Makefile
config.status:1141: creating c/mpi/Makefile
config.status:1141: creating c/mpi/pt2pt/Makefile
config.status:1141: creating c/mpi/startup/Makefile
config.status:1141: creating c/mpi/one-sided/Makefile
config.status:1141: creating c/mpi/collective/Makefile
config.status:1141: creating c/openshmem/Makefile
config.status:1141: creating c/xccl/collective/Makefile
config.status:1141: creating c/xccl/pt2pt/Makefile
config.status:1141: creating c/xccl/Makefile
config.status:1141: creating c/upc/Makefile
config.status:1141: creating c/upcxx/Makefile
config.status:1141: creating c/mpi/pt2pt/standard/Makefile
config.status:1141: creating c/mpi/pt2pt/persistent/Makefile
config.status:1141: creating c/mpi/collective/blocking/Makefile
config.status:1141: creating c/mpi/collective/non_blocking/Makefile
config.status:1141: creating c/mpi/collective/neighborhood/Makefile
config.status:1141: creating c/mpi/collective/persistent/Makefile
config.status:1141: creating c/mpi/pt2pt/congestion/Makefile
config.status:1313: executing depfiles commands
config.status:1390: cd c/mpi/startup       && sed -e '/# am--include-marker/d' Makefile         | make -f - am--depfiles
make: Nothing to be done for 'am--depfiles'.
config.status:1395: $? = 0
config.status:1390: cd c/mpi/one-sided       && sed -e '/# am--include-marker/d' Makefile         | make -f - am--depfiles
make: Nothing to be done for 'am--depfiles'.
config.status:1395: $? = 0
config.status:1390: cd c/openshmem       && sed -e '/# am--include-marker/d' Makefile         | make -f - am--depfiles
make: Nothing to be done for 'am--depfiles'.
config.status:1395: $? = 0
config.status:1390: cd c/xccl/collective       && sed -e '/# am--include-marker/d' Makefile         | make -f - am--depfiles
make: Nothing to be done for 'am--depfiles'.
config.status:1395: $? = 0
config.status:1390: cd c/xccl/pt2pt       && sed -e '/# am--include-marker/d' Makefile         | make -f - am--depfiles
make: Nothing to be done for 'am--depfiles'.
config.status:1395: $? = 0
config.status:1390: cd c/upc       && sed -e '/# am--include-marker/d' Makefile         | make -f - am--depfiles
make: Nothing to be done for 'am--depfiles'.
config.status:1395: $? = 0
config.status:1390: cd c/upcxx       && sed -e '/# am--include-marker/d' Makefile         | make -f - am--depfiles
make: Nothing to be done for 'am--depfiles'.
config.status:1395: $? = 0
config.status:1390: cd c/mpi/pt2pt/standard       && sed -e '/# am--include-marker/d' Makefile         | make -f - am--depfiles
make: Nothing to be done for 'am--depfiles'.
config.status:1395: $? = 0
config.status:1390: cd c/mpi/pt2pt/persistent       && sed -e '/# am--include-marker/d' Makefile         | make -f - am--depfiles
make: Nothing to be done for 'am--depfiles'.
config.status:1395: $? = 0
config.status:1390: cd c/mpi/collective/blocking       && sed -e '/# am--include-marker/d' Makefile         | make -f - am--depfiles
make: Nothing to be done for 'am--depfiles'.
config.status:1395: $? = 0
config.status:1390: cd c/mpi/collective/non_blocking       && sed -e '/# am--include-marker/d' Makefile         | make -f - am--depfiles
make: Nothing to be done for 'am--depfiles'.
config.status:1395: $? = 0
config.status:1390: cd c/mpi/collective/neighborhood       && sed -e '/# am--include-marker/d' Makefile         | make -f - am--depfiles
make: Nothing to be done for 'am--depfiles'.
config.status:1395: $? = 0
config.status:1390: cd c/mpi/collective/persistent       && sed -e '/# am--include-marker/d' Makefile         | make -f - am--depfiles
make: Nothing to be done for 'am--depfiles'.
config.status:1395: $? = 0
config.status:1390: cd c/mpi/pt2pt/congestion       && sed -e '/# am--include-marker/d' Makefile         | make -f - am--depfiles
make: Nothing to be done for 'am--depfiles'.
config.status:1395: $? = 0
config.status:1313: executing libtool commands
configure:20748: WARNING: unrecognized options: --enable-gpu, --enable-mpi, --enable-mpi-collective

## ---------------- ##
## Cache variables. ##
## ---------------- ##

ac_cv_build=x86_64-pc-linux-gnu
ac_cv_c_compiler_gnu=yes
ac_cv_c_inline=inline
ac_cv_cxx_compiler_gnu=yes
ac_cv_env_CCC_set=
ac_cv_env_CCC_value=
ac_cv_env_CC_set=set
ac_cv_env_CC_value=/home/grace.li/grace_mpich/build/install/bin/mpicc
ac_cv_env_CFLAGS_set=
ac_cv_env_CFLAGS_value=
ac_cv_env_CPPFLAGS_set=
ac_cv_env_CPPFLAGS_value=
ac_cv_env_CPP_set=
ac_cv_env_CPP_value=
ac_cv_env_CXXCPP_set=
ac_cv_env_CXXCPP_value=
ac_cv_env_CXXFLAGS_set=
ac_cv_env_CXXFLAGS_value=
ac_cv_env_CXX_set=set
ac_cv_env_CXX_value=/home/grace.li/grace_mpich/build/install/bin/mpicxx
ac_cv_env_LDFLAGS_set=
ac_cv_env_LDFLAGS_value=
ac_cv_env_LIBS_set=
ac_cv_env_LIBS_value=
ac_cv_env_LT_SYS_LIBRARY_PATH_set=
ac_cv_env_LT_SYS_LIBRARY_PATH_value=
ac_cv_env_NVCCFLAGS_set=
ac_cv_env_NVCCFLAGS_value=
ac_cv_env_build_alias_set=
ac_cv_env_build_alias_value=
ac_cv_env_host_alias_set=
ac_cv_env_host_alias_value=
ac_cv_env_target_alias_set=
ac_cv_env_target_alias_value=
ac_cv_func_MPI_Accumulate=yes
ac_cv_func_MPI_Get_accumulate=yes
ac_cv_func_MPI_Init=yes
ac_cv_func_MPI_Psend_init=yes
ac_cv_func_MPI_Session_init=yes
ac_cv_func_getpagesize=yes
ac_cv_func_gettimeofday=yes
ac_cv_func_memset=yes
ac_cv_func_shmem_barrier_all=no
ac_cv_func_shmem_finalize=no
ac_cv_func_sqrt=yes
ac_cv_func_upc_memput=no
ac_cv_have_decl_upcxx_alltoall=no
ac_cv_header_dlfcn_h=yes
ac_cv_header_hip_hip_runtime_api_h=yes
ac_cv_header_inttypes_h=yes
ac_cv_header_math_h=yes
ac_cv_header_memory_h=yes
ac_cv_header_stdc=yes
ac_cv_header_stdint_h=yes
ac_cv_header_stdlib_h=yes
ac_cv_header_string_h=yes
ac_cv_header_strings_h=yes
ac_cv_header_sys_stat_h=yes
ac_cv_header_sys_time_h=yes
ac_cv_header_sys_types_h=yes
ac_cv_header_unistd_h=yes
ac_cv_host=x86_64-pc-linux-gnu
ac_cv_objext=o
ac_cv_path_EGREP='/usr/bin/grep -E'
ac_cv_path_FGREP='/usr/bin/grep -F'
ac_cv_path_GREP=/usr/bin/grep
ac_cv_path_SED=/usr/bin/sed
ac_cv_path_install='/usr/bin/install -c'
ac_cv_path_lt_DD=/usr/bin/dd
ac_cv_path_mkdir=/usr/bin/mkdir
ac_cv_prog_AWK=gawk
ac_cv_prog_CPP='/home/grace.li/grace_mpich/build/install/bin/mpicc -E'
ac_cv_prog_CXXCPP='/home/grace.li/grace_mpich/build/install/bin/mpicxx -E'
ac_cv_prog_ac_ct_AR=ar
ac_cv_prog_ac_ct_CC=/home/grace.li/grace_mpich/build/install/bin/mpicc
ac_cv_prog_ac_ct_OBJDUMP=objdump
ac_cv_prog_ac_ct_RANLIB=ranlib
ac_cv_prog_ac_ct_STRIP=strip
ac_cv_prog_cc_c89=
ac_cv_prog_cc_g=yes
ac_cv_prog_cxx_g=yes
ac_cv_prog_make_make_set=yes
ac_cv_search_clock_gettime='none required'
ac_cv_search_hipFree='none required'
ac_cv_search_hipStreamSynchronize='none required'
ac_cv_search_pthread_join='none required'
ac_cv_search_sqrt=-lm
am_cv_CC_dependencies_compiler_type=gcc3
am_cv_CXX_dependencies_compiler_type=gcc3
am_cv_make_support_nested_variables=yes
am_cv_prog_cc_c_o=yes
lt_cv_ar_at_file=@
lt_cv_archive_cmds_need_lc=no
lt_cv_deplibs_check_method=pass_all
lt_cv_file_magic_cmd='$MAGIC_CMD'
lt_cv_file_magic_test_file=
lt_cv_ld_reload_flag=-r
lt_cv_nm_interface='BSD nm'
lt_cv_objdir=.libs
lt_cv_path_LD=/usr/x86_64-suse-linux/bin/ld
lt_cv_path_LDCXX='/usr/x86_64-suse-linux/bin/ld -m elf_x86_64'
lt_cv_path_NM='/usr/bin/nm -B'
lt_cv_path_mainfest_tool=no
lt_cv_prog_compiler_c_o=yes
lt_cv_prog_compiler_c_o_CXX=yes
lt_cv_prog_compiler_pic='-fPIC -DPIC'
lt_cv_prog_compiler_pic_CXX='-fPIC -DPIC'
lt_cv_prog_compiler_pic_works=yes
lt_cv_prog_compiler_pic_works_CXX=yes
lt_cv_prog_compiler_rtti_exceptions=no
lt_cv_prog_compiler_static_works=no
lt_cv_prog_compiler_static_works_CXX=no
lt_cv_prog_gnu_ld=yes
lt_cv_prog_gnu_ldcxx=yes
lt_cv_sharedlib_from_linklib_cmd='printf %s\n'
lt_cv_shlibpath_overrides_runpath=yes
lt_cv_sys_global_symbol_pipe='sed -n -e '\''s/^.*[	 ]\([ABCDGIRSTW][ABCDGIRSTW]*\)[	 ][	 ]*\([_A-Za-z][_A-Za-z0-9]*\)$/\1 \2 \2/p'\'' | sed '\''/ __gnu_lto/d'\'''
lt_cv_sys_global_symbol_to_c_name_address='sed -n -e '\''s/^: \(.*\) .*$/  {"\1", (void *) 0},/p'\'' -e '\''s/^[ABCDGIRSTW][ABCDGIRSTW]* .* \(.*\)$/  {"\1", (void *) \&\1},/p'\'''
lt_cv_sys_global_symbol_to_c_name_address_lib_prefix='sed -n -e '\''s/^: \(.*\) .*$/  {"\1", (void *) 0},/p'\'' -e '\''s/^[ABCDGIRSTW][ABCDGIRSTW]* .* \(lib.*\)$/  {"\1", (void *) \&\1},/p'\'' -e '\''s/^[ABCDGIRSTW][ABCDGIRSTW]* .* \(.*\)$/  {"lib\1", (void *) \&\1},/p'\'''
lt_cv_sys_global_symbol_to_cdecl='sed -n -e '\''s/^T .* \(.*\)$/extern int \1();/p'\'' -e '\''s/^[ABCDGIRSTW][ABCDGIRSTW]* .* \(.*\)$/extern char \1;/p'\'''
lt_cv_sys_global_symbol_to_import=
lt_cv_sys_max_cmd_len=1572864
lt_cv_to_host_file_cmd=func_convert_file_noop
lt_cv_to_tool_file_cmd=func_convert_file_noop
lt_cv_truncate_bin='/usr/bin/dd bs=4096 count=1'

## ----------------- ##
## Output variables. ##
## ----------------- ##

ACLOCAL='${SHELL} /home/grace.li/grace_suli/omb/missing aclocal-1.16'
AMDEPBACKSLASH='\'
AMDEP_FALSE='#'
AMDEP_TRUE=''
AMTAR='$${TAR-tar}'
AM_BACKSLASH='\'
AM_DEFAULT_V='$(AM_DEFAULT_VERBOSITY)'
AM_DEFAULT_VERBOSITY='1'
AM_V='$(V)'
AR='ar'
AUTOCONF='${SHELL} /home/grace.li/grace_suli/omb/missing autoconf'
AUTOHEADER='${SHELL} /home/grace.li/grace_suli/omb/missing autoheader'
AUTOMAKE='${SHELL} /home/grace.li/grace_suli/omb/missing automake-1.16'
AWK='gawk'
BUILD_PROFILING_LIB_FALSE=''
BUILD_PROFILING_LIB_TRUE='#'
BUILD_USE_PGI_FALSE=''
BUILD_USE_PGI_TRUE='#'
CC='/home/grace.li/grace_mpich/build/install/bin/mpicc'
CCDEPMODE='depmode=gcc3'
CFLAGS='-g -O2'
CONVERT_CHECK_PATH=''
CPP='/home/grace.li/grace_mpich/build/install/bin/mpicc -E'
CPPFLAGS='-I/soft/compilers/rocm/rocm-6.3.2/include '
CUDA_FALSE=''
CUDA_KERNELS_FALSE=''
CUDA_KERNELS_TRUE='#'
CUDA_TRUE='#'
CXX='/home/grace.li/grace_mpich/build/install/bin/mpicxx'
CXXCPP='/home/grace.li/grace_mpich/build/install/bin/mpicxx -E'
CXXDEPMODE='depmode=gcc3'
CXXFLAGS='-g -O2'
CYGPATH_W='echo'
C_FALSE='#'
C_TRUE=''
DEFS='-DPACKAGE_NAME=\"OSU-Micro-Benchmarks\" -DPACKAGE_TARNAME=\"osu-micro-benchmarks\" -DPACKAGE_VERSION=\"7.5\" -DPACKAGE_STRING=\"OSU-Micro-Benchmarks\ 7.5\" -DPACKAGE_BUGREPORT=\"mvapich-discuss@cse.ohio-state.edu\" -DPACKAGE_URL=\"\" -DPACKAGE=\"osu-micro-benchmarks\" -DVERSION=\"7.5\" -DSTDC_HEADERS=1 -DHAVE_SYS_TYPES_H=1 -DHAVE_SYS_STAT_H=1 -DHAVE_STDLIB_H=1 -DHAVE_STRING_H=1 -DHAVE_MEMORY_H=1 -DHAVE_STRINGS_H=1 -DHAVE_INTTYPES_H=1 -DHAVE_STDINT_H=1 -DHAVE_UNISTD_H=1 -DHAVE_DLFCN_H=1 -DLT_OBJDIR=\".libs/\" -DHAVE_STDLIB_H=1 -DHAVE_STRING_H=1 -DHAVE_SYS_TIME_H=1 -DHAVE_UNISTD_H=1 -DHAVE_MATH_H=1 -DHAVE_GETPAGESIZE=1 -DHAVE_GETTIMEOFDAY=1 -DHAVE_MEMSET=1 -DHAVE_SQRT=1 -D__HIP_PLATFORM_AMD__=1 -DHAVE_HIP_HIP_RUNTIME_API_H=1 -D_ENABLE_ROCM_=1 -D_ENABLE_MPI4_=1 -DFIELD_WIDTH=18 -DFLOAT_PRECISION=2'
DEPDIR='.deps'
DLLTOOL='false'
DSYMUTIL=''
DUMPBIN=''
ECHO_C=''
ECHO_N='-n'
ECHO_T=''
EGREP='/usr/bin/grep -E'
EMBEDDED_BUILD_FALSE=''
EMBEDDED_BUILD_TRUE='#'
EXEEXT=''
FGREP='/usr/bin/grep -F'
GNUPLOT_CHECK_PATH=''
GREP='/usr/bin/grep'
INSTALL_DATA='${INSTALL} -m 644'
INSTALL_PROGRAM='${INSTALL}'
INSTALL_SCRIPT='${INSTALL}'
INSTALL_STRIP_PROGRAM='$(install_sh) -c -s'
LD='/usr/x86_64-suse-linux/bin/ld -m elf_x86_64'
LDFLAGS='-L/soft/compilers/rocm/rocm-6.3.2/lib64 -Wl,-rpath=/soft/compilers/rocm/rocm-6.3.2/lib64 -L/soft/compilers/rocm/rocm-6.3.2/lib -Wl,-rpath=/soft/compilers/rocm/rocm-6.3.2/lib  -lamdhip64'
LIBOBJS=''
LIBS='-lm '
LIBTOOL='$(SHELL) $(top_builddir)/libtool'
LIPO=''
LN_S='ln -s'
LTLIBOBJS=''
LT_SYS_LIBRARY_PATH=''
MAKEINFO='${SHELL} /home/grace.li/grace_suli/omb/missing makeinfo'
MANIFEST_TOOL=':'
MKDIR_P='/usr/bin/mkdir -p'
MPI2_LIBRARY_FALSE='#'
MPI2_LIBRARY_TRUE=''
MPI3_LIBRARY_FALSE='#'
MPI3_LIBRARY_TRUE=''
MPI4_LIBRARY_FALSE='#'
MPI4_LIBRARY_TRUE=''
MPI4_PARTITION_PT2PT_FALSE=''
MPI4_PARTITION_PT2PT_TRUE='#'
MPILIBNAME=''
MPI_FALSE='#'
MPI_TRUE=''
NCCL_FALSE=''
NCCL_PT2PT_FALSE=''
NCCL_PT2PT_TRUE='#'
NCCL_TRUE='#'
NM='/usr/bin/nm -B'
NMEDIT=''
NVCC=''
NVCCFLAGS=''
OBJDUMP='objdump'
OBJEXT='o'
OPENACC_FALSE=''
OPENACC_TRUE='#'
OSHM_FALSE=''
OSHM_TRUE='#'
OTOOL64=''
OTOOL=''
PACKAGE='osu-micro-benchmarks'
PACKAGE_BUGREPORT='mvapich-discuss@cse.ohio-state.edu'
PACKAGE_NAME='OSU-Micro-Benchmarks'
PACKAGE_STRING='OSU-Micro-Benchmarks 7.5'
PACKAGE_TARNAME='osu-micro-benchmarks'
PACKAGE_URL=''
PACKAGE_VERSION='7.5'
PAPI_FALSE=''
PAPI_TRUE='#'
PATH_SEPARATOR=':'
PMPILIBNAME=''
RANLIB='ranlib'
RCCL_FALSE=''
RCCL_PT2PT_FALSE=''
RCCL_PT2PT_TRUE='#'
RCCL_TRUE='#'
ROCM_FALSE='#'
ROCM_TRUE=''
SED='/usr/bin/sed'
SET_MAKE=''
SHELL='/bin/sh'
STRIP='strip'
SYCL_FALSE=''
SYCL_TRUE='#'
UPCXX_FALSE=''
UPCXX_TRUE='#'
UPC_FALSE=''
UPC_TRUE='#'
VERSION='7.5'
ac_ct_AR='ar'
ac_ct_CC='/home/grace.li/grace_mpich/build/install/bin/mpicc'
ac_ct_CXX=''
ac_ct_DUMPBIN=''
am__EXEEXT_FALSE=''
am__EXEEXT_TRUE='#'
am__fastdepCC_FALSE='#'
am__fastdepCC_TRUE=''
am__fastdepCXX_FALSE='#'
am__fastdepCXX_TRUE=''
am__include='include'
am__isrc=''
am__leading_dot='.'
am__nodep='_no'
am__quote=''
am__tar='$${TAR-tar} chof - "$$tardir"'
am__untar='$${TAR-tar} xf -'
bindir='${exec_prefix}/bin'
build='x86_64-pc-linux-gnu'
build_alias=''
build_cpu='x86_64'
build_os='linux-gnu'
build_vendor='pc'
datadir='${datarootdir}'
datarootdir='${prefix}/share'
docdir='${datarootdir}/doc/${PACKAGE_TARNAME}'
dvidir='${docdir}'
exec_prefix='${prefix}'
host='x86_64-pc-linux-gnu'
host_alias=''
host_cpu='x86_64'
host_os='linux-gnu'
host_vendor='pc'
htmldir='${docdir}'
includedir='${prefix}/include'
infodir='${datarootdir}/info'
install_sh='${SHELL} /home/grace.li/grace_suli/omb/install-sh'
libdir='${exec_prefix}/lib'
libexecdir='${exec_prefix}/libexec'
localedir='${datarootdir}/locale'
localstatedir='${prefix}/var'
mandir='${datarootdir}/man'
mkdir_p='$(MKDIR_P)'
oldincludedir='/usr/include'
pdfdir='${docdir}'
prefix='/home/grace.li/osu-micro-benchmarks-install'
program_transform_name='s,x,x,'
psdir='${docdir}'
sbindir='${exec_prefix}/sbin'
sharedstatedir='${prefix}/com'
sysconfdir='${prefix}/etc'
target_alias=''

## ----------- ##
## confdefs.h. ##
## ----------- ##

/* confdefs.h */
#define PACKAGE_NAME "OSU-Micro-Benchmarks"
#define PACKAGE_TARNAME "osu-micro-benchmarks"
#define PACKAGE_VERSION "7.5"
#define PACKAGE_STRING "OSU-Micro-Benchmarks 7.5"
#define PACKAGE_BUGREPORT "mvapich-discuss@cse.ohio-state.edu"
#define PACKAGE_URL ""
#define PACKAGE "osu-micro-benchmarks"
#define VERSION "7.5"
#define STDC_HEADERS 1
#define HAVE_SYS_TYPES_H 1
#define HAVE_SYS_STAT_H 1
#define HAVE_STDLIB_H 1
#define HAVE_STRING_H 1
#define HAVE_MEMORY_H 1
#define HAVE_STRINGS_H 1
#define HAVE_INTTYPES_H 1
#define HAVE_STDINT_H 1
#define HAVE_UNISTD_H 1
#define HAVE_DLFCN_H 1
#define LT_OBJDIR ".libs/"
#define HAVE_STDLIB_H 1
#define HAVE_STRING_H 1
#define HAVE_SYS_TIME_H 1
#define HAVE_UNISTD_H 1
#define HAVE_MATH_H 1
#define HAVE_GETPAGESIZE 1
#define HAVE_GETTIMEOFDAY 1
#define HAVE_MEMSET 1
#define HAVE_SQRT 1
#define __HIP_PLATFORM_AMD__ 1
#define HAVE_HIP_HIP_RUNTIME_API_H 1
#define _ENABLE_ROCM_ 1
#define _ENABLE_MPI4_ 1
#define FIELD_WIDTH 18
#define FLOAT_PRECISION 2

configure: exit 0
